<?xml version="1.0" encoding="UTF-8" ?>
<testsuite tests="1" failures="0" name="com.ckh.ssm.controller.MvcTest" time="0.088" errors="1" skipped="0">
  <properties>
[...]
</properties>
  <testcase classname="com.ckh.ssm.controller.MvcTest" name="testPage" time="0.088">
    <error message="javax.servlet.http.HttpServletResponse.getStatus()I" type="java.lang.NoSuchMethodError">java.lang.NoSuchMethodError: javax.servlet.http.HttpServletResponse.getStatus()I
	at org.springframework.web.servlet.FrameworkServlet.publishRequestHandledEvent(FrameworkServlet.java:1083)
	at org.springframework.web.servlet.FrameworkServlet.processRequest(FrameworkServlet.java:1009)
	at org.springframework.web.servlet.FrameworkServlet.doGet(FrameworkServlet.java:870)
	at javax.servlet.http.HttpServlet.service(HttpServlet.java:707)
	at org.springframework.web.servlet.FrameworkServlet.service(FrameworkServlet.java:855)
	at org.springframework.test.web.servlet.TestDispatcherServlet.service(TestDispatcherServlet.java:66)
	at javax.servlet.http.HttpServlet.service(HttpServlet.java:820)
	at org.springframework.mock.web.MockFilterChain$ServletFilterProxy.doFilter(MockFilterChain.java:166)
	at org.springframework.mock.web.MockFilterChain.doFilter(MockFilterChain.java:133)
	at org.springframework.test.web.servlet.MockMvc.perform(MockMvc.java:166)
	at com.ckh.ssm.controller.MvcTest.testPage(MvcTest.java:49)
	at java.base/jdk.internal.reflect.NativeMethodAccessorImpl.invoke0(Native Method)
	at java.base/jdk.internal.reflect.NativeMethodAccessorImpl.invoke(NativeMethodAccessorImpl.java:62)
	at java.base/jdk.internal.reflect.DelegatingMethodAccessorImpl.invoke(DelegatingMethodAccessorImpl.java:43)
	at java.base/java.lang.reflect.Method.invoke(Method.java:564)
	at org.junit.runners.model.FrameworkMethod$1.runReflectiveCall(FrameworkMethod.java:50)
	at org.junit.internal.runners.model.ReflectiveCallable.run(ReflectiveCallable.java:12)
	at org.junit.runners.model.FrameworkMethod.invokeExplosively(FrameworkMethod.java:47)
	at org.junit.internal.runners.statements.InvokeMethod.evaluate(InvokeMethod.java:17)
	at org.springframework.test.context.junit4.statements.RunBeforeTestExecutionCallbacks.evaluate(RunBeforeTestExecutionCallbacks.java:73)
	at org.springframework.test.context.junit4.statements.RunAfterTestExecutionCallbacks.evaluate(RunAfterTestExecutionCallbacks.java:83)
	at org.junit.internal.runners.statements.RunBefores.evaluate(RunBefores.java:26)
	at org.springframework.test.context.junit4.statements.RunBeforeTestMethodCallbacks.evaluate(RunBeforeTestMethodCallbacks.java:75)
	at org.springframework.test.context.junit4.statements.RunAfterTestMethodCallbacks.evaluate(RunAfterTestMethodCallbacks.java:86)
	at org.springframework.test.context.junit4.statements.SpringRepeat.evaluate(SpringRepeat.java:84)
	at org.junit.runners.ParentRunner.runLeaf(ParentRunner.java:325)
	at org.springframework.test.context.junit4.SpringJUnit4ClassRunner.runChild(SpringJUnit4ClassRunner.java:251)
	at org.springframework.test.context.junit4.SpringJUnit4ClassRunner.runChild(SpringJUnit4ClassRunner.java:97)
	at org.junit.runners.ParentRunner$3.run(ParentRunner.java:290)
	at org.junit.runners.ParentRunner$1.schedule(ParentRunner.java:71)
	at org.junit.runners.ParentRunner.runChildren(ParentRunner.java:288)
	at org.junit.runners.ParentRunner.access$000(ParentRunner.java:58)
	at org.junit.runners.ParentRunner$2.evaluate(ParentRunner.java:268)
	at org.springframework.test.context.junit4.statements.RunBeforeTestClassCallbacks.evaluate(RunBeforeTestClassCallbacks.java:61)
	at org.springframework.test.context.junit4.statements.RunAfterTestClassCallbacks.evaluate(RunAfterTestClassCallbacks.java:70)
	at org.junit.runners.ParentRunner.run(ParentRunner.java:363)
	at org.springframework.test.context.junit4.SpringJUnit4ClassRunner.run(SpringJUnit4ClassRunner.java:190)
	at org.apache.maven.surefire.junit4.JUnit4Provider.execute(JUnit4Provider.java:252)
	at org.apache.maven.surefire.junit4.JUnit4Provider.executeTestSet(JUnit4Provider.java:141)
	at org.apache.maven.surefire.junit4.JUnit4Provider.invoke(JUnit4Provider.java:112)
	at java.base/jdk.internal.reflect.NativeMethodAccessorImpl.invoke0(Native Method)
	at java.base/jdk.internal.reflect.NativeMethodAccessorImpl.invoke(NativeMethodAccessorImpl.java:62)
	at java.base/jdk.internal.reflect.DelegatingMethodAccessorImpl.invoke(DelegatingMethodAccessorImpl.java:43)
	at java.base/java.lang.reflect.Method.invoke(Method.java:564)
	at org.apache.maven.surefire.util.ReflectionUtils.invokeMethodWithArray(ReflectionUtils.java:189)
	at org.apache.maven.surefire.booter.ProviderFactory$ProviderProxy.invoke(ProviderFactory.java:165)
	at org.apache.maven.surefire.booter.ProviderFactory.invokeProvider(ProviderFactory.java:85)
	at org.apache.maven.surefire.booter.ForkedBooter.runSuitesInProcess(ForkedBooter.java:115)
	at org.apache.maven.surefire.booter.ForkedBooter.main(ForkedBooter.java:75)
</error>
    <system-out>18:20:53 [main] INFO  org.springframework.test.context.web.WebTestContextBootstrapper - Loaded default TestExecutionListener class names from location [META-INF/spring.factories]: [org.springframework.test.context.web.ServletTestExecutionListener, org.springframework.test.context.support.DirtiesContextBeforeModesTestExecutionListener, org.springframework.test.context.support.DependencyInjectionTestExecutionListener, org.springframework.test.context.support.DirtiesContextTestExecutionListener, org.springframework.test.context.transaction.TransactionalTestExecutionListener, org.springframework.test.context.jdbc.SqlScriptsTestExecutionListener]
18:20:53 [main] INFO  org.springframework.test.context.web.WebTestContextBootstrapper - Using TestExecutionListeners: [org.springframework.test.context.web.ServletTestExecutionListener@1d730606, org.springframework.test.context.support.DirtiesContextBeforeModesTestExecutionListener@3bcbb589, org.springframework.test.context.support.DependencyInjectionTestExecutionListener@3b00856b, org.springframework.test.context.support.DirtiesContextTestExecutionListener@3016fd5e, org.springframework.test.context.transaction.TransactionalTestExecutionListener@35d08e6c, org.springframework.test.context.jdbc.SqlScriptsTestExecutionListener@53d102a2]
18:20:53 [main] INFO  org.springframework.beans.factory.xml.XmlBeanDefinitionReader - Loading XML bean definitions from class path resource [applicationContext.xml]
18:20:53 [main] INFO  org.springframework.beans.factory.xml.XmlBeanDefinitionReader - Loading XML bean definitions from URL [file:src/main/webapp/WEB-INF/dispatcherServlet-servlet.xml]
18:20:53 [main] INFO  org.springframework.web.context.support.GenericWebApplicationContext - Refreshing org.springframework.web.context.support.GenericWebApplicationContext@60975100: startup date [Wed Feb 07 18:20:53 CST 2018]; root of context hierarchy
18:20:54 [main] INFO  org.springframework.web.servlet.handler.SimpleUrlHandlerMapping - Mapped URL path [/**] onto handler &apos;org.springframework.web.servlet.resource.DefaultServletHttpRequestHandler#0&apos;
18:20:55 [main] INFO  org.springframework.web.servlet.mvc.method.annotation.RequestMappingHandlerMapping - Mapped &quot;{[/depts]}&quot; onto public com.ckh.ssm.model.Msg com.ckh.ssm.controller.DepartmentController.getDepts()
18:20:55 [main] INFO  org.springframework.web.servlet.mvc.method.annotation.RequestMappingHandlerMapping - Mapped &quot;{[/checkuser]}&quot; onto public com.ckh.ssm.model.Msg com.ckh.ssm.controller.EmployeeController.checkUser(java.lang.String)
18:20:55 [main] INFO  org.springframework.web.servlet.mvc.method.annotation.RequestMappingHandlerMapping - Mapped &quot;{[/emp],methods=[POST]}&quot; onto public com.ckh.ssm.model.Msg com.ckh.ssm.controller.EmployeeController.saveEmp(com.ckh.ssm.model.Employee,org.springframework.validation.BindingResult)
18:20:55 [main] INFO  org.springframework.web.servlet.mvc.method.annotation.RequestMappingHandlerMapping - Mapped &quot;{[/emp/{empId}],methods=[PUT]}&quot; onto public com.ckh.ssm.model.Msg com.ckh.ssm.controller.EmployeeController.updateEmp(com.ckh.ssm.model.Employee)
18:20:55 [main] INFO  org.springframework.web.servlet.mvc.method.annotation.RequestMappingHandlerMapping - Mapped &quot;{[/emp/{id}],methods=[GET]}&quot; onto public com.ckh.ssm.model.Msg com.ckh.ssm.controller.EmployeeController.getEmp(java.lang.Integer)
18:20:55 [main] INFO  org.springframework.web.servlet.mvc.method.annotation.RequestMappingHandlerMapping - Mapped &quot;{[/empjson]}&quot; onto public com.ckh.ssm.model.Msg com.ckh.ssm.controller.EmployeeController.getEmpsWithJsoon(java.lang.Integer,org.springframework.ui.Model)
18:20:55 [main] INFO  org.springframework.web.servlet.mvc.method.annotation.RequestMappingHandlerMapping - Mapped &quot;{[/emp/{ids}],methods=[DELETE]}&quot; onto public com.ckh.ssm.model.Msg com.ckh.ssm.controller.EmployeeController.deleteEmpById(java.lang.String)
18:20:55 [main] INFO  org.springframework.web.servlet.mvc.method.annotation.RequestMappingHandlerMapping - Mapped &quot;{[/emps]}&quot; onto public java.lang.String com.ckh.ssm.controller.EmployeeController.getEmps(java.lang.Integer,org.springframework.ui.Model)
18:20:55 [main] INFO  org.hibernate.validator.internal.util.Version - HV000001: Hibernate Validator 6.0.7.Final
18:20:55 [main] INFO  org.springframework.web.servlet.mvc.method.annotation.RequestMappingHandlerAdapter - Looking for @ControllerAdvice: org.springframework.web.context.support.GenericWebApplicationContext@60975100: startup date [Wed Feb 07 18:20:53 CST 2018]; root of context hierarchy
18:20:55 [main] INFO  org.springframework.web.servlet.mvc.method.annotation.RequestMappingHandlerAdapter - Looking for @ControllerAdvice: org.springframework.web.context.support.GenericWebApplicationContext@60975100: startup date [Wed Feb 07 18:20:53 CST 2018]; root of context hierarchy
18:20:55 [main] INFO  org.springframework.mock.web.MockServletContext - Initializing Spring FrameworkServlet &apos;&apos;
18:20:55 [main] INFO  org.springframework.test.web.servlet.TestDispatcherServlet - FrameworkServlet &apos;&apos;: initialization started
18:20:55 [main] INFO  org.springframework.test.web.servlet.TestDispatcherServlet - FrameworkServlet &apos;&apos;: initialization completed in 22 ms
</system-out>
    <system-err>2�� 07, 2018 6:20:54 ���� com.mchange.v2.log.MLog 
��Ϣ: MLog clients using java 1.4+ standard logging.
2�� 07, 2018 6:20:54 ���� com.mchange.v2.c3p0.C3P0Registry 
��Ϣ: Initializing c3p0-0.9.5.2 [built 08-December-2015 22:06:04 -0800; debug? true; trace: 10]
</system-err>
  </testcase>
</testsuite>